<?xml version="1.0" encoding="UTF-8"?>
<!-- Generated by org.testng.reporters.JUnitXMLReporter -->
<testsuite ignored="0" hostname="DESKTOP-4HJIOBN" failures="0" tests="5" name="Default test" time="19.624" errors="0" timestamp="2024-08-11T21:22:13 EET">
  <testcase classname="secondprojectautomationjuly.project1" name="mytest" time="0.214"/>
  <testcase classname="secondprojectautomationjuly.project1" name="Addtocarttest" time="6.245"/>
  <testcase classname="secondprojectautomationjuly.project1" name="removetocart" time="4.49"/>
  <testcase classname="secondprojectautomationjuly.project1" name="myTest2" time="2.684"/>
  <testcase classname="secondprojectautomationjuly.project1" name="mytestremove" time="1.962"/>
</testsuite> <!-- Default test -->
