<?xml version="1.0" encoding="UTF-8"?>
<testng-results ignored="0" total="5" passed="5" failed="0" skipped="0">
  <reporter-output>
  </reporter-output>
  <suite started-at="2024-08-11T21:21:54 EET" name="Default suite" finished-at="2024-08-11T21:22:13 EET" duration-ms="19624">
    <groups>
    </groups>
    <test started-at="2024-08-11T21:21:54 EET" name="Default test" finished-at="2024-08-11T21:22:13 EET" duration-ms="19624">
      <class name="secondprojectautomationjuly.project1">
        <test-method is-config="true" signature="mysetup()[pri:0, instance:secondprojectautomationjuly.project1@54dcfa5a]" started-at="2024-08-11T21:21:54 EET" name="mysetup" finished-at="2024-08-11T21:21:58 EET" duration-ms="3999" status="PASS">
          <reporter-output>
          </reporter-output>
        </test-method> <!-- mysetup -->
        <test-method signature="mytest()[pri:1, instance:secondprojectautomationjuly.project1@54dcfa5a]" started-at="2024-08-11T21:21:58 EET" name="mytest" finished-at="2024-08-11T21:21:58 EET" duration-ms="214" status="PASS">
          <reporter-output>
          </reporter-output>
        </test-method> <!-- mytest -->
        <test-method signature="Addtocarttest()[pri:2, instance:secondprojectautomationjuly.project1@54dcfa5a]" started-at="2024-08-11T21:21:58 EET" name="Addtocarttest" finished-at="2024-08-11T21:22:04 EET" duration-ms="6245" status="PASS">
          <reporter-output>
          </reporter-output>
        </test-method> <!-- Addtocarttest -->
        <test-method signature="removetocart()[pri:3, instance:secondprojectautomationjuly.project1@54dcfa5a]" started-at="2024-08-11T21:22:04 EET" name="removetocart" finished-at="2024-08-11T21:22:09 EET" duration-ms="4490" status="PASS">
          <reporter-output>
          </reporter-output>
        </test-method> <!-- removetocart -->
        <test-method signature="myTest2()[pri:4, instance:secondprojectautomationjuly.project1@54dcfa5a]" started-at="2024-08-11T21:22:09 EET" name="myTest2" finished-at="2024-08-11T21:22:11 EET" duration-ms="2684" status="PASS">
          <reporter-output>
          </reporter-output>
        </test-method> <!-- myTest2 -->
        <test-method signature="mytestremove()[pri:5, instance:secondprojectautomationjuly.project1@54dcfa5a]" started-at="2024-08-11T21:22:11 EET" name="mytestremove" finished-at="2024-08-11T21:22:13 EET" duration-ms="1962" status="PASS">
          <reporter-output>
          </reporter-output>
        </test-method> <!-- mytestremove -->
      </class> <!-- secondprojectautomationjuly.project1 -->
    </test> <!-- Default test -->
  </suite> <!-- Default suite -->
</testng-results>
